# JRE version: OpenJDK Runtime Environment (8.0_242-b01) (build 1.8.0_242-release-1644-b01)
# Java VM: OpenJDK 64-Bit Server VM (25.242-b01 mixed mode windows-amd64 compressed oops)
Heap:
 PSYoungGen      total 255488K, used 185575K [0x00000000d5580000, 0x00000000eb700000, 0x0000000100000000)
  eden space 222208K, 68% used [0x00000000d5580000,0x00000000dea3a958,0x00000000e2e80000)
  from space 33280K, 99% used [0x00000000e2e80000,0x00000000e4eff5d0,0x00000000e4f00000)
  to   space 44032K, 0% used [0x00000000e8c00000,0x00000000e8c00000,0x00000000eb700000)
 ParOldGen       total 134656K, used 57432K [0x0000000080000000, 0x0000000088380000, 0x00000000d5580000)
  object space 134656K, 42% used [0x0000000080000000,0x00000000838163a0,0x0000000088380000)
 Metaspace       used 86621K, capacity 91430K, committed 91672K, reserved 1128448K
  class space    used 11800K, capacity 12777K, committed 12848K, reserved 1048576K
GC Heap History (10 events):
Event: 39.087 GC heap before
{Heap before GC invocations=12 (full 2):
 PSYoungGen      total 167936K, used 47603K [0x00000000d5580000, 0x00000000e3380000, 0x0000000100000000)
  eden space 154112K, 21% used [0x00000000d5580000,0x00000000d7681b58,0x00000000dec00000)
  from space 13824K, 99% used [0x00000000dec00000,0x00000000df97b310,0x00000000df980000)
  to   space 20480K, 0% used [0x00000000e1f80000,0x00000000e1f80000,0x00000000e3380000)
 ParOldGen       total 94208K, used 29052K [0x0000000080000000, 0x0000000085c00000, 0x00000000d5580000)
  object space 94208K, 30% used [0x0000000080000000,0x0000000081c5f100,0x0000000085c00000)
 Metaspace       used 56795K, capacity 59126K, committed 59160K, reserved 1099776K
  class space    used 7764K, capacity 8236K, committed 8240K, reserved 1048576K
Event: 39.135 GC heap after
Heap after GC invocations=12 (full 2):
 PSYoungGen      total 205312K, used 17055K [0x00000000d5580000, 0x00000000e4100000, 0x0000000100000000)
  eden space 184832K, 0% used [0x00000000d5580000,0x00000000d5580000,0x00000000e0a00000)
  from space 20480K, 83% used [0x00000000e1f80000,0x00000000e3027c10,0x00000000e3380000)
  to   space 22016K, 0% used [0x00000000e0a00000,0x00000000e0a00000,0x00000000e1f80000)
 ParOldGen       total 94208K, used 29052K [0x0000000080000000, 0x0000000085c00000, 0x00000000d5580000)
  object space 94208K, 30% used [0x0000000080000000,0x0000000081c5f100,0x0000000085c00000)
 Metaspace       used 56795K, capacity 59126K, committed 59160K, reserved 1099776K
  class space    used 7764K, capacity 8236K, committed 8240K, reserved 1048576K
}
Event: 39.136 GC heap before
{Heap before GC invocations=13 (full 3):
 PSYoungGen      total 205312K, used 17055K [0x00000000d5580000, 0x00000000e4100000, 0x0000000100000000)
  eden space 184832K, 0% used [0x00000000d5580000,0x00000000d5580000,0x00000000e0a00000)
  from space 20480K, 83% used [0x00000000e1f80000,0x00000000e3027c10,0x00000000e3380000)
  to   space 22016K, 0% used [0x00000000e0a00000,0x00000000e0a00000,0x00000000e1f80000)
 ParOldGen       total 94208K, used 29052K [0x0000000080000000, 0x0000000085c00000, 0x00000000d5580000)
  object space 94208K, 30% used [0x0000000080000000,0x0000000081c5f100,0x0000000085c00000)
 Metaspace       used 56795K, capacity 59126K, committed 59160K, reserved 1099776K
  class space    used 7764K, capacity 8236K, committed 8240K, reserved 1048576K
Event: 39.643 GC heap after
Heap after GC invocations=13 (full 3):
 PSYoungGen      total 205312K, used 0K [0x00000000d5580000, 0x00000000e4100000, 0x0000000100000000)
  eden space 184832K, 0% used [0x00000000d5580000,0x00000000d5580000,0x00000000e0a00000)
  from space 20480K, 0% used [0x00000000e1f80000,0x00000000e1f80000,0x00000000e3380000)
  to   space 22016K, 0% used [0x00000000e0a00000,0x00000000e0a00000,0x00000000e1f80000)
 ParOldGen       total 134656K, used 30925K [0x0000000080000000, 0x0000000088380000, 0x00000000d5580000)
  object space 134656K, 22% used [0x0000000080000000,0x0000000081e337f0,0x0000000088380000)
 Metaspace       used 56775K, capacity 59060K, committed 59160K, reserved 1099776K
  class space    used 7758K, capacity 8225K, committed 8240K, reserved 1048576K
}
Event: 51.183 GC heap before
{Heap before GC invocations=14 (full 3):
 PSYoungGen      total 205312K, used 184296K [0x00000000d5580000, 0x00000000e4100000, 0x0000000100000000)
  eden space 184832K, 99% used [0x00000000d5580000,0x00000000e097a018,0x00000000e0a00000)
  from space 20480K, 0% used [0x00000000e1f80000,0x00000000e1f80000,0x00000000e3380000)
  to   space 22016K, 0% used [0x00000000e0a00000,0x00000000e0a00000,0x00000000e1f80000)
 ParOldGen       total 134656K, used 30925K [0x0000000080000000, 0x0000000088380000, 0x00000000d5580000)
  object space 134656K, 22% used [0x0000000080000000,0x0000000081e337f0,0x0000000088380000)
 Metaspace       used 64717K, capacity 67564K, committed 67864K, reserved 1107968K
  class space    used 8910K, capacity 9455K, committed 9520K, reserved 1048576K
Event: 51.254 GC heap after
Heap after GC invocations=14 (full 3):
 PSYoungGen      total 206848K, used 21991K [0x00000000d5580000, 0x00000000e6980000, 0x0000000100000000)
  eden space 184832K, 0% used [0x00000000d5580000,0x00000000d5580000,0x00000000e0a00000)
  from space 22016K, 99% used [0x00000000e0a00000,0x00000000e1f79d10,0x00000000e1f80000)
  to   space 27136K, 0% used [0x00000000e4f00000,0x00000000e4f00000,0x00000000e6980000)
 ParOldGen       total 134656K, used 35999K [0x0000000080000000, 0x0000000088380000, 0x00000000d5580000)
  object space 134656K, 26% used [0x0000000080000000,0x0000000082327ec8,0x0000000088380000)
 Metaspace       used 64717K, capacity 67564K, committed 67864K, reserved 1107968K
  class space    used 8910K, capacity 9455K, committed 9520K, reserved 1048576K
}
Event: 69.195 GC heap before
{Heap before GC invocations=15 (full 3):
 PSYoungGen      total 206848K, used 206823K [0x00000000d5580000, 0x00000000e6980000, 0x0000000100000000)
  eden space 184832K, 100% used [0x00000000d5580000,0x00000000e0a00000,0x00000000e0a00000)
  from space 22016K, 99% used [0x00000000e0a00000,0x00000000e1f79d10,0x00000000e1f80000)
  to   space 27136K, 0% used [0x00000000e4f00000,0x00000000e4f00000,0x00000000e6980000)
 ParOldGen       total 134656K, used 35999K [0x0000000080000000, 0x0000000088380000, 0x00000000d5580000)
  object space 134656K, 26% used [0x0000000080000000,0x0000000082327ec8,0x0000000088380000)
 Metaspace       used 69800K, capacity 72958K, committed 73112K, reserved 1112064K
  class space    used 9497K, capacity 10128K, committed 10160K, reserved 1048576K
Event: 69.388 GC heap after
Heap after GC invocations=15 (full 3):
 PSYoungGen      total 249344K, used 27133K [0x00000000d5580000, 0x00000000e7400000, 0x0000000100000000)
  eden space 222208K, 0% used [0x00000000d5580000,0x00000000d5580000,0x00000000e2e80000)
  from space 27136K, 99% used [0x00000000e4f00000,0x00000000e697f570,0x00000000e6980000)
  to   space 33280K, 0% used [0x00000000e2e80000,0x00000000e2e80000,0x00000000e4f00000)
 ParOldGen       total 134656K, used 41637K [0x0000000080000000, 0x0000000088380000, 0x00000000d5580000)
  object space 134656K, 30% used [0x0000000080000000,0x00000000828a9520,0x0000000088380000)
 Metaspace       used 69800K, capacity 72958K, committed 73112K, reserved 1112064K
  class space    used 9497K, capacity 10128K, committed 10160K, reserved 1048576K
}
Event: 79.043 GC heap before
{Heap before GC invocations=16 (full 3):
 PSYoungGen      total 249344K, used 249341K [0x00000000d5580000, 0x00000000e7400000, 0x0000000100000000)
  eden space 222208K, 100% used [0x00000000d5580000,0x00000000e2e80000,0x00000000e2e80000)
  from space 27136K, 99% used [0x00000000e4f00000,0x00000000e697f570,0x00000000e6980000)
  to   space 33280K, 0% used [0x00000000e2e80000,0x00000000e2e80000,0x00000000e4f00000)
 ParOldGen       total 134656K, used 41637K [0x0000000080000000, 0x0000000088380000, 0x00000000d5580000)
  object space 134656K, 30% used [0x0000000080000000,0x00000000828a9520,0x0000000088380000)
 Metaspace       used 76862K, capacity 80234K, committed 80408K, reserved 1118208K
  class space    used 10350K, capacity 10987K, committed 11056K, reserved 1048576K
Event: 79.194 GC heap after
Heap after GC invocations=16 (full 3):
 PSYoungGen      total 255488K, used 33277K [0x00000000d5580000, 0x00000000eb700000, 0x0000000100000000)
  eden space 222208K, 0% used [0x00000000d5580000,0x00000000d5580000,0x00000000e2e80000)
  from space 33280K, 99% used [0x00000000e2e80000,0x00000000e4eff5d0,0x00000000e4f00000)
  to   space 44032K, 0% used [0x00000000e8c00000,0x00000000e8c00000,0x00000000eb700000)
 ParOldGen       total 134656K, used 57432K [0x0000000080000000, 0x0000000088380000, 0x00000000d5580000)
  object space 134656K, 42% used [0x0000000080000000,0x00000000838163a0,0x0000000088380000)
 Metaspace       used 76862K, capacity 80234K, committed 80408K, reserved 1118208K
  class space    used 10350K, capacity 10987K, committed 11056K, reserved 1048576K
}

